app/build/intermediates/manifest_merge_blame_file/debug/manifest-merger-blame-debug-report.txt
1<?xml version="1.0" encoding="utf-8"?>
2<manifest xmlns:android="http://schemas.android.com/apk/res/android"
3    package="com.tencent.squeezencnn"
4    android:versionCode="1"
5    android:versionName="1.1" >
6
7    <uses-sdk android:minSdkVersion="24" />
7-->src\main\AndroidManifest.xml
8
9    <application
9-->src\main\AndroidManifest.xml:6:5-15:19
10        android:debuggable="true"
11        android:icon="@drawable/icon"
11-->src\main\AndroidManifest.xml:7:18-47
12        android:label="@string/app_name"
12-->src\main\AndroidManifest.xml:6:18-50
13        android:testOnly="true" >
14        <activity
14-->src\main\AndroidManifest.xml:8:9-14:20
15            android:name="com.tencent.squeezencnn.MainActivity"
15-->src\main\AndroidManifest.xml:8:19-46
16            android:label="@string/app_name" >
16-->src\main\AndroidManifest.xml:9:19-51
17            <intent-filter>
17-->src\main\AndroidManifest.xml:10:13-13:29
18                <action android:name="android.intent.action.MAIN" />
18-->src\main\AndroidManifest.xml:11:17-69
18-->src\main\AndroidManifest.xml:11:25-66
19
20                <category android:name="android.intent.category.LAUNCHER" />
20-->src\main\AndroidManifest.xml:12:17-77
20-->src\main\AndroidManifest.xml:12:27-74
21            </intent-filter>
22        </activity>
23    </application>
24
25</manifest>